Arguments: 
  C:\Program Files\nodejs\node.exe C:\Users\Paulo\AppData\Roaming\npm\node_modules\yarn\bin\yarn.js add --dev @types/react-native-switch-selector

PATH: 
  C:\Python311\Scripts\;C:\Python311\;C:\WINDOWS\system32;C:\WINDOWS;C:\WINDOWS\System32\Wbem;C:\WINDOWS\System32\WindowsPowerShell\v1.0\;C:\WINDOWS\System32\OpenSSH\;C:\Program Files\nodejs\;C:\ProgramData\chocolatey\bin;C:\Program Files\NVIDIA Corporation\NVIDIA NvDLISR;C:\Program Files (x86)\NVIDIA Corporation\PhysX\Common;C:\Program Files\Git\cmd;C:\Program Files\Docker\Docker\resources\bin;C:\Program Files\dotnet\;C:\Users\Paulo\.console-ninja\.bin;C:\Users\Paulo\AppData\Local\Microsoft\WindowsApps;;C:\Users\Paulo\AppData\Local\Programs\Microsoft VS Code\bin;C:\Users\Paulo\AppData\Roaming\npm

Yarn version: 
  1.22.19

Node version: 
  18.15.0

Platform: 
  win32 x64

Trace: 
  Error: https://registry.yarnpkg.com/@types%2freact-native-switch-selector: Not found
      at params.callback [as _callback] (C:\Users\Paulo\AppData\Roaming\npm\node_modules\yarn\lib\cli.js:66145:18)
      at self.callback (C:\Users\Paulo\AppData\Roaming\npm\node_modules\yarn\lib\cli.js:140890:22)
      at Request.emit (node:events:513:28)
      at Request.<anonymous> (C:\Users\Paulo\AppData\Roaming\npm\node_modules\yarn\lib\cli.js:141862:10)
      at Request.emit (node:events:513:28)
      at IncomingMessage.<anonymous> (C:\Users\Paulo\AppData\Roaming\npm\node_modules\yarn\lib\cli.js:141784:12)
      at Object.onceWrapper (node:events:627:28)
      at IncomingMessage.emit (node:events:525:35)
      at endReadableNT (node:internal/streams/readable:1359:12)
      at process.processTicksAndRejections (node:internal/process/task_queues:82:21)

npm manifest: 
  {
    "name": "news",
    "version": "1.0.0",
    "main": "node_modules/expo/AppEntry.js",
    "scripts": {
      "start": "expo start",
      "android": "expo start --android",
      "ios": "expo start --ios",
      "web": "expo start --web"
    },
    "dependencies": {
      "@gorhom/bottom-sheet": "^4.4.7",
      "@react-native-masked-view/masked-view": "0.2.8",
      "@react-navigation/bottom-tabs": "^6.5.8",
      "@react-navigation/native": "^6.1.7",
      "@react-navigation/stack": "^6.3.17",
      "expo": "~48.0.18",
      "expo-status-bar": "~1.4.4",
      "iconsax-react-native": "^0.0.8",
      "nativewind": "^2.0.11",
      "postcss-cli": "^10.1.0",
      "prop-types": "^15.8.1",
      "react": "18.2.0",
      "react-native": "0.71.8",
      "react-native-gesture-handler": "~2.9.0",
      "react-native-linear-gradient": "^2.8.0",
      "react-native-reanimated": "~2.14.4",
      "react-native-safe-area-context": "^4.5.0",
      "react-native-screens": "~3.20.0",
      "react-native-swiper": "^1.6.0",
      "react-native-switch-selector": "^2.3.0",
      "tailwindcss": "^3.3.2"
    },
    "devDependencies": {
      "@babel/core": "^7.20.0",
      "@types/react": "~18.0.14",
      "typescript": "^4.9.4"
    },
    "private": true
  }

yarn manifest: 
  No manifest

Lockfile: 
  No lockfile
